[2022-05-11 17:31:20] local.ERROR: Please provide a valid cache path. {"exception":"[object] (InvalidArgumentException(code: 0): Please provide a valid cache path. at E:\\Laravel\\laravel9librarybowr\\vendor\\laravel\\framework\\src\\Illuminate\\View\\Compilers\\Compiler.php:53)
[stacktrace]
#0 E:\\Laravel\\laravel9librarybowr\\vendor\\laravel\\framework\\src\\Illuminate\\View\\ViewServiceProvider.php(92): Illuminate\\View\\Compilers\\Compiler->__construct(Object(Illuminate\\Filesystem\\Filesystem), false, '', true)
#1 E:\\Laravel\\laravel9librarybowr\\vendor\\laravel\\framework\\src\\Illuminate\\Container\\Container.php(873): Illuminate\\View\\ViewServiceProvider->Illuminate\\View\\{closure}(Object(Illuminate\\Foundation\\Application), Array)
#2 E:\\Laravel\\laravel9librarybowr\\vendor\\laravel\\framework\\src\\Illuminate\\Container\\Container.php(758): Illuminate\\Container\\Container->build(Object(Closure))
#3 E:\\Laravel\\laravel9librarybowr\\vendor\\laravel\\framework\\src\\Illuminate\\Foundation\\Application.php(855): Illuminate\\Container\\Container->resolve('blade.compiler', Array, true)
#4 E:\\Laravel\\laravel9librarybowr\\vendor\\laravel\\framework\\src\\Illuminate\\Container\\Container.php(694): Illuminate\\Foundation\\Application->resolve('blade.compiler', Array)
#5 E:\\Laravel\\laravel9librarybowr\\vendor\\laravel\\framework\\src\\Illuminate\\Foundation\\Application.php(840): Illuminate\\Container\\Container->make('blade.compiler', Array)
#6 E:\\Laravel\\laravel9librarybowr\\vendor\\laravel\\framework\\src\\Illuminate\\Container\\Container.php(1417): Illuminate\\Foundation\\Application->make('blade.compiler')
#7 E:\\Laravel\\laravel9librarybowr\\vendor\\livewire\\livewire\\src\\LivewireServiceProvider.php(260): Illuminate\\Container\\Container->offsetGet('blade.compiler')
#8 E:\\Laravel\\laravel9librarybowr\\vendor\\livewire\\livewire\\src\\LivewireServiceProvider.php(67): Livewire\\LivewireServiceProvider->registerTagCompiler()
#9 E:\\Laravel\\laravel9librarybowr\\vendor\\laravel\\framework\\src\\Illuminate\\Container\\BoundMethod.php(36): Livewire\\LivewireServiceProvider->boot()
#10 E:\\Laravel\\laravel9librarybowr\\vendor\\laravel\\framework\\src\\Illuminate\\Container\\Util.php(41): Illuminate\\Container\\BoundMethod::Illuminate\\Container\\{closure}()
#11 E:\\Laravel\\laravel9librarybowr\\vendor\\laravel\\framework\\src\\Illuminate\\Container\\BoundMethod.php(93): Illuminate\\Container\\Util::unwrapIfClosure(Object(Closure))
#12 E:\\Laravel\\laravel9librarybowr\\vendor\\laravel\\framework\\src\\Illuminate\\Container\\BoundMethod.php(37): Illuminate\\Container\\BoundMethod::callBoundMethod(Object(Illuminate\\Foundation\\Application), Array, Object(Closure))
#13 E:\\Laravel\\laravel9librarybowr\\vendor\\laravel\\framework\\src\\Illuminate\\Container\\Container.php(653): Illuminate\\Container\\BoundMethod::call(Object(Illuminate\\Foundation\\Application), Array, Array, NULL)
#14 E:\\Laravel\\laravel9librarybowr\\vendor\\laravel\\framework\\src\\Illuminate\\Foundation\\Application.php(928): Illuminate\\Container\\Container->call(Array)
#15 E:\\Laravel\\laravel9librarybowr\\vendor\\laravel\\framework\\src\\Illuminate\\Foundation\\Application.php(909): Illuminate\\Foundation\\Application->bootProvider(Object(Livewire\\LivewireServiceProvider))
#16 [internal function]: Illuminate\\Foundation\\Application->Illuminate\\Foundation\\{closure}(Object(Livewire\\LivewireServiceProvider), 19)
#17 E:\\Laravel\\laravel9librarybowr\\vendor\\laravel\\framework\\src\\Illuminate\\Foundation\\Application.php(910): array_walk(Array, Object(Closure))
#18 E:\\Laravel\\laravel9librarybowr\\vendor\\laravel\\framework\\src\\Illuminate\\Foundation\\Bootstrap\\BootProviders.php(17): Illuminate\\Foundation\\Application->boot()
#19 E:\\Laravel\\laravel9librarybowr\\vendor\\laravel\\framework\\src\\Illuminate\\Foundation\\Application.php(239): Illuminate\\Foundation\\Bootstrap\\BootProviders->bootstrap(Object(Illuminate\\Foundation\\Application))
#20 E:\\Laravel\\laravel9librarybowr\\vendor\\laravel\\framework\\src\\Illuminate\\Foundation\\Console\\Kernel.php(310): Illuminate\\Foundation\\Application->bootstrapWith(Array)
#21 E:\\Laravel\\laravel9librarybowr\\vendor\\laravel\\framework\\src\\Illuminate\\Foundation\\Console\\Kernel.php(127): Illuminate\\Foundation\\Console\\Kernel->bootstrap()
#22 E:\\Laravel\\laravel9librarybowr\\artisan(37): Illuminate\\Foundation\\Console\\Kernel->handle(Object(Symfony\\Component\\Console\\Input\\ArgvInput), Object(Symfony\\Component\\Console\\Output\\ConsoleOutput))
#23 {main}
"} 
